<?xml version="1.0" encoding="UTF-8"?>
<testng-results ignored="0" total="1" passed="1" failed="0" skipped="0">
  <reporter-output>
  </reporter-output>
  <suite started-at="2023-12-01T11:30:40 IST" name="Default suite" finished-at="2023-12-01T11:30:52 IST" duration-ms="12288">
    <groups>
    </groups>
    <test started-at="2023-12-01T11:30:40 IST" name="Default test" finished-at="2023-12-01T11:30:52 IST" duration-ms="12288">
      <class name="facebook.Test_login_script">
        <test-method signature="test_jenkins_script()[pri:0, instance:facebook.Test_login_script@4c1909a3]" started-at="2023-12-01T11:30:40 IST" name="test_jenkins_script" finished-at="2023-12-01T11:30:52 IST" duration-ms="12255" status="PASS">
          <reporter-output>
          </reporter-output>
        </test-method> <!-- test_jenkins_script -->
      </class> <!-- facebook.Test_login_script -->
    </test> <!-- Default test -->
  </suite> <!-- Default suite -->
</testng-results>
